<?xml version="1.0" encoding="UTF-8"?>
<testng-results skipped="0" failed="0" total="1" passed="1">
  <reporter-output>
  </reporter-output>
  <suite name="HMSTestProject.HMSTestProject.HMSProjectTest" duration-ms="22541" started-at="2017-07-26T11:11:17Z" finished-at="2017-07-26T11:11:40Z">
    <groups>
    </groups>
    <test name="Command line test" duration-ms="22541" started-at="2017-07-26T11:11:17Z" finished-at="2017-07-26T11:11:40Z">
      <class name="HMSTestProject.HMSTestProject.HMSProjectTest">
        <test-method status="PASS" signature="fn_TC()[pri:0, instance:HMSTestProject.HMSTestProject.HMSProjectTest@5d624da6]" name="fn_TC" duration-ms="22526" started-at="2017-07-26T16:41:17Z" finished-at="2017-07-26T16:41:40Z">
          <reporter-output>
          </reporter-output>
        </test-method> <!-- fn_TC -->
      </class> <!-- HMSTestProject.HMSTestProject.HMSProjectTest -->
    </test> <!-- Command line test -->
  </suite> <!-- HMSTestProject.HMSTestProject.HMSProjectTest -->
</testng-results>
